GROUP,PACKAGE,CLASS,INSTRUCTION_MISSED,INSTRUCTION_COVERED,BRANCH_MISSED,BRANCH_COVERED,LINE_MISSED,LINE_COVERED,COMPLEXITY_MISSED,COMPLEXITY_COVERED,METHOD_MISSED,METHOD_COVERED
java-utilities,tech.pardus.utilities,PAsserts,111,555,29,117,27,173,27,105,3,56
java-utilities,tech.pardus.utilities,CheckedException,4,0,0,0,2,0,1,0,1,0
java-utilities,tech.pardus.utilities,LambdaWrapper,27,0,0,0,10,0,4,0,4,0
java-utilities,tech.pardus.utilities,AssertException,0,7,0,0,0,4,0,2,0,2
java-utilities,tech.pardus.utilities,ReflectionUtils,112,144,8,10,28,21,15,10,10,6
