<?xml version="1.0" encoding="UTF-8" standalone="yes"?><!DOCTYPE report PUBLIC "-//JACOCO//DTD Report 1.1//EN" "report.dtd"><report name="java-utilities"><sessioninfo id="pop-os-7b03e9ed" start="1599855695182" dump="1599855695975"/><package name="tech/pardus/utilities"><class name="tech/pardus/utilities/PAsserts" sourcefilename="PAsserts.java"><method name="hasText" desc="(Ljava/lang/String;Ljava/util/function/Supplier;Ljava/util/function/Supplier;)V" line="32"><counter type="INSTRUCTION" missed="0" covered="8"/><counter type="BRANCH" missed="0" covered="2"/><counter type="LINE" missed="0" covered="3"/><counter type="COMPLEXITY" missed="0" covered="2"/><counter type="METHOD" missed="0" covered="1"/></method><method name="hasText" desc="(Ljava/lang/String;Ljava/util/function/Supplier;)V" line="38"><counter type="INSTRUCTION" missed="0" covered="10"/><counter type="BRANCH" missed="0" covered="2"/><counter type="LINE" missed="0" covered="3"/><counter type="COMPLEXITY" missed="0" covered="2"/><counter type="METHOD" missed="0" covered="1"/></method><method name="hasText" desc="(Ljava/lang/String;)V" line="44"><counter type="INSTRUCTION" missed="0" covered="8"/><counter type="BRANCH" missed="0" covered="2"/><counter type="LINE" missed="0" covered="3"/><counter type="COMPLEXITY" missed="0" covered="2"/><counter type="METHOD" missed="0" covered="1"/></method><method name="noText" desc="(Ljava/lang/String;Ljava/util/function/Supplier;Ljava/util/function/Supplier;)V" line="51"><counter type="INSTRUCTION" missed="0" covered="8"/><counter type="BRANCH" missed="0" covered="2"/><counter type="LINE" missed="0" covered="3"/><counter type="COMPLEXITY" missed="0" covered="2"/><counter type="METHOD" missed="0" covered="1"/></method><method name="noText" desc="(Ljava/lang/String;Ljava/util/function/Supplier;)V" line="57"><counter type="INSTRUCTION" missed="0" covered="10"/><counter type="BRANCH" missed="0" covered="2"/><counter type="LINE" missed="0" covered="3"/><counter type="COMPLEXITY" missed="0" covered="2"/><counter type="METHOD" missed="0" covered="1"/></method><method name="noText" desc="(Ljava/lang/String;)V" line="63"><counter type="INSTRUCTION" missed="0" covered="8"/><counter type="BRANCH" missed="0" covered="2"/><counter type="LINE" missed="0" covered="3"/><counter type="COMPLEXITY" missed="0" covered="2"/><counter type="METHOD" missed="0" covered="1"/></method><method name="notEmpty" desc="([Ljava/lang/Object;)V" line="69"><counter type="INSTRUCTION" missed="0" covered="8"/><counter type="BRANCH" missed="0" covered="2"/><counter type="LINE" missed="0" covered="3"/><counter type="COMPLEXITY" missed="0" covered="2"/><counter type="METHOD" missed="0" covered="1"/></method><method name="notEmpty" desc="([Ljava/lang/Object;Ljava/util/function/Supplier;Ljava/util/function/Supplier;)V" line="76"><counter type="INSTRUCTION" missed="0" covered="8"/><counter type="BRANCH" missed="0" covered="2"/><counter type="LINE" missed="0" covered="3"/><counter type="COMPLEXITY" missed="0" covered="2"/><counter type="METHOD" missed="0" covered="1"/></method><method name="notEmpty" desc="([Ljava/lang/Object;Ljava/util/function/Supplier;)V" line="82"><counter type="INSTRUCTION" missed="0" covered="10"/><counter type="BRANCH" missed="0" covered="2"/><counter type="LINE" missed="0" covered="3"/><counter type="COMPLEXITY" missed="0" covered="2"/><counter type="METHOD" missed="0" covered="1"/></method><method name="notEmpty" desc="(Ljava/util/Collection;Ljava/util/function/Supplier;Ljava/util/function/Supplier;)V" line="89"><counter type="INSTRUCTION" missed="0" covered="8"/><counter type="BRANCH" missed="0" covered="2"/><counter type="LINE" missed="0" covered="3"/><counter type="COMPLEXITY" missed="0" covered="2"/><counter type="METHOD" missed="0" covered="1"/></method><method name="notEmpty" desc="(Ljava/util/Collection;Ljava/util/function/Supplier;)V" line="95"><counter type="INSTRUCTION" missed="0" covered="10"/><counter type="BRANCH" missed="0" covered="2"/><counter type="LINE" missed="0" covered="3"/><counter type="COMPLEXITY" missed="0" covered="2"/><counter type="METHOD" missed="0" covered="1"/></method><method name="notEmpty" desc="(Ljava/util/Collection;)V" line="101"><counter type="INSTRUCTION" missed="0" covered="8"/><counter type="BRANCH" missed="0" covered="2"/><counter type="LINE" missed="0" covered="3"/><counter type="COMPLEXITY" missed="0" covered="2"/><counter type="METHOD" missed="0" covered="1"/></method><method name="notEmpty" desc="(Ljava/util/Map;Ljava/util/function/Supplier;Ljava/util/function/Supplier;)V" line="108"><counter type="INSTRUCTION" missed="0" covered="8"/><counter type="BRANCH" missed="0" covered="2"/><counter type="LINE" missed="0" covered="3"/><counter type="COMPLEXITY" missed="0" covered="2"/><counter type="METHOD" missed="0" covered="1"/></method><method name="notEmpty" desc="(Ljava/util/Map;Ljava/util/function/Supplier;)V" line="114"><counter type="INSTRUCTION" missed="0" covered="10"/><counter type="BRANCH" missed="0" covered="2"/><counter type="LINE" missed="0" covered="3"/><counter type="COMPLEXITY" missed="0" covered="2"/><counter type="METHOD" missed="0" covered="1"/></method><method name="notEmpty" desc="(Ljava/util/Map;)V" line="120"><counter type="INSTRUCTION" missed="0" covered="8"/><counter type="BRANCH" missed="0" covered="2"/><counter type="LINE" missed="0" covered="3"/><counter type="COMPLEXITY" missed="0" covered="2"/><counter type="METHOD" missed="0" covered="1"/></method><method name="nullSafeGet" desc="(Ljava/util/function/Supplier;)Ljava/lang/String;" line="126"><counter type="INSTRUCTION" missed="1" covered="7"/><counter type="BRANCH" missed="1" covered="1"/><counter type="LINE" missed="0" covered="1"/><counter type="COMPLEXITY" missed="1" covered="1"/><counter type="METHOD" missed="0" covered="1"/></method><method name="nullSafeGetException" desc="(Ljava/util/function/Supplier;)Ljava/lang/Class;" line="131"><counter type="INSTRUCTION" missed="1" covered="11"/><counter type="BRANCH" missed="1" covered="1"/><counter type="LINE" missed="0" covered="3"/><counter type="COMPLEXITY" missed="1" covered="1"/><counter type="METHOD" missed="0" covered="1"/></method><method name="throwException" desc="(Ljava/util/function/Supplier;Ljava/util/function/Supplier;)Ljava/lang/RuntimeException;" line="138"><counter type="INSTRUCTION" missed="9" covered="21"/><counter type="LINE" missed="3" covered="3"/><counter type="COMPLEXITY" missed="0" covered="1"/><counter type="METHOD" missed="0" covered="1"/></method><method name="notNull" desc="(Ljava/lang/Class;)V" line="150"><counter type="INSTRUCTION" missed="5" covered="4"/><counter type="BRANCH" missed="1" covered="1"/><counter type="LINE" missed="1" covered="2"/><counter type="COMPLEXITY" missed="1" covered="1"/><counter type="METHOD" missed="0" covered="1"/></method><method name="contains" desc="(Ljava/lang/String;Ljava/lang/String;Ljava/util/function/Supplier;Ljava/util/function/Supplier;)V" line="157"><counter type="INSTRUCTION" missed="0" covered="9"/><counter type="BRANCH" missed="0" covered="2"/><counter type="LINE" missed="0" covered="3"/><counter type="COMPLEXITY" missed="0" covered="2"/><counter type="METHOD" missed="0" covered="1"/></method><method name="contains" desc="(Ljava/lang/String;Ljava/lang/String;Ljava/util/function/Supplier;)V" line="163"><counter type="INSTRUCTION" missed="0" covered="11"/><counter type="BRANCH" missed="0" covered="2"/><counter type="LINE" missed="0" covered="3"/><counter type="COMPLEXITY" missed="0" covered="2"/><counter type="METHOD" missed="0" covered="1"/></method><method name="contains" desc="(Ljava/lang/String;Ljava/lang/String;)V" line="169"><counter type="INSTRUCTION" missed="0" covered="9"/><counter type="BRANCH" missed="0" covered="2"/><counter type="LINE" missed="0" covered="3"/><counter type="COMPLEXITY" missed="0" covered="2"/><counter type="METHOD" missed="0" covered="1"/></method><method name="contains" desc="([Ljava/lang/Object;Ljava/lang/Object;Ljava/util/function/Supplier;Ljava/util/function/Supplier;)V" line="176"><counter type="INSTRUCTION" missed="0" covered="11"/><counter type="BRANCH" missed="1" covered="3"/><counter type="LINE" missed="0" covered="3"/><counter type="COMPLEXITY" missed="1" covered="2"/><counter type="METHOD" missed="0" covered="1"/></method><method name="contains" desc="([Ljava/lang/Object;Ljava/lang/Object;Ljava/util/function/Supplier;)V" line="182"><counter type="INSTRUCTION" missed="0" covered="13"/><counter type="BRANCH" missed="1" covered="3"/><counter type="LINE" missed="0" covered="3"/><counter type="COMPLEXITY" missed="1" covered="2"/><counter type="METHOD" missed="0" covered="1"/></method><method name="contains" desc="([Ljava/lang/Object;Ljava/lang/Object;)V" line="188"><counter type="INSTRUCTION" missed="0" covered="11"/><counter type="BRANCH" missed="1" covered="3"/><counter type="LINE" missed="0" covered="3"/><counter type="COMPLEXITY" missed="1" covered="2"/><counter type="METHOD" missed="0" covered="1"/></method><method name="containingCheck" desc="([Ljava/lang/Object;Ljava/lang/Object;)Z" line="194"><counter type="INSTRUCTION" missed="0" covered="26"/><counter type="BRANCH" missed="0" covered="4"/><counter type="LINE" missed="0" covered="5"/><counter type="COMPLEXITY" missed="0" covered="3"/><counter type="METHOD" missed="0" covered="1"/></method><method name="contains" desc="(Ljava/util/Collection;Ljava/lang/Object;Ljava/util/function/Supplier;Ljava/util/function/Supplier;)V" line="205"><counter type="INSTRUCTION" missed="0" covered="11"/><counter type="BRANCH" missed="1" covered="3"/><counter type="LINE" missed="0" covered="3"/><counter type="COMPLEXITY" missed="1" covered="2"/><counter type="METHOD" missed="0" covered="1"/></method><method name="contains" desc="(Ljava/util/Collection;Ljava/lang/Object;Ljava/util/function/Supplier;)V" line="211"><counter type="INSTRUCTION" missed="0" covered="13"/><counter type="BRANCH" missed="1" covered="3"/><counter type="LINE" missed="0" covered="3"/><counter type="COMPLEXITY" missed="1" covered="2"/><counter type="METHOD" missed="0" covered="1"/></method><method name="contains" desc="(Ljava/util/Collection;Ljava/lang/Object;)V" line="217"><counter type="INSTRUCTION" missed="0" covered="11"/><counter type="BRANCH" missed="1" covered="3"/><counter type="LINE" missed="0" covered="3"/><counter type="COMPLEXITY" missed="1" covered="2"/><counter type="METHOD" missed="0" covered="1"/></method><method name="containingCheck" desc="(Ljava/util/Collection;Ljava/lang/Object;)Z" line="223"><counter type="INSTRUCTION" missed="0" covered="20"/><counter type="BRANCH" missed="0" covered="4"/><counter type="LINE" missed="0" covered="6"/><counter type="COMPLEXITY" missed="0" covered="3"/><counter type="METHOD" missed="0" covered="1"/></method><method name="contains" desc="(Ljava/lang/Object;Ljava/lang/Object;)V" line="233"><counter type="INSTRUCTION" missed="27" covered="0"/><counter type="BRANCH" missed="6" covered="0"/><counter type="LINE" missed="7" covered="0"/><counter type="COMPLEXITY" missed="4" covered="0"/><counter type="METHOD" missed="1" covered="0"/></method><method name="equals" desc="(Ljava/lang/String;Ljava/lang/String;Ljava/util/function/Supplier;Ljava/util/function/Supplier;)V" line="244"><counter type="INSTRUCTION" missed="0" covered="9"/><counter type="BRANCH" missed="0" covered="2"/><counter type="LINE" missed="0" covered="3"/><counter type="COMPLEXITY" missed="0" covered="2"/><counter type="METHOD" missed="0" covered="1"/></method><method name="equals" desc="(Ljava/lang/String;Ljava/lang/String;Ljava/util/function/Supplier;)V" line="250"><counter type="INSTRUCTION" missed="0" covered="11"/><counter type="BRANCH" missed="0" covered="2"/><counter type="LINE" missed="0" covered="3"/><counter type="COMPLEXITY" missed="0" covered="2"/><counter type="METHOD" missed="0" covered="1"/></method><method name="equals" desc="(Ljava/lang/String;Ljava/lang/String;)V" line="256"><counter type="INSTRUCTION" missed="0" covered="9"/><counter type="BRANCH" missed="0" covered="2"/><counter type="LINE" missed="0" covered="3"/><counter type="COMPLEXITY" missed="0" covered="2"/><counter type="METHOD" missed="0" covered="1"/></method><method name="equalObjects" desc="(Ljava/lang/Object;Ljava/lang/Object;Ljava/util/function/Supplier;Ljava/util/function/Supplier;)V" line="263"><counter type="INSTRUCTION" missed="4" covered="5"/><counter type="BRANCH" missed="1" covered="1"/><counter type="LINE" missed="1" covered="2"/><counter type="COMPLEXITY" missed="1" covered="1"/><counter type="METHOD" missed="0" covered="1"/></method><method name="equalObjects" desc="(Ljava/lang/Object;Ljava/lang/Object;Ljava/util/function/Supplier;)V" line="269"><counter type="INSTRUCTION" missed="0" covered="11"/><counter type="BRANCH" missed="0" covered="2"/><counter type="LINE" missed="0" covered="3"/><counter type="COMPLEXITY" missed="0" covered="2"/><counter type="METHOD" missed="0" covered="1"/></method><method name="equalObjects" desc="(Ljava/lang/Object;Ljava/lang/Object;)V" line="275"><counter type="INSTRUCTION" missed="0" covered="9"/><counter type="BRANCH" missed="0" covered="2"/><counter type="LINE" missed="0" covered="3"/><counter type="COMPLEXITY" missed="0" covered="2"/><counter type="METHOD" missed="0" covered="1"/></method><method name="equals" desc="(Ljava/lang/Object;Ljava/lang/Object;)V" line="281"><counter type="INSTRUCTION" missed="0" covered="13"/><counter type="BRANCH" missed="0" covered="2"/><counter type="LINE" missed="0" covered="4"/><counter type="COMPLEXITY" missed="0" covered="2"/><counter type="METHOD" missed="0" covered="1"/></method><method name="equals" desc="(Ljava/lang/Object;Ljava/lang/Object;Ljava/util/function/Supplier;)V" line="289"><counter type="INSTRUCTION" missed="0" covered="15"/><counter type="BRANCH" missed="0" covered="2"/><counter type="LINE" missed="0" covered="4"/><counter type="COMPLEXITY" missed="0" covered="2"/><counter type="METHOD" missed="0" covered="1"/></method><method name="equals" desc="(Ljava/lang/Object;Ljava/lang/Object;Ljava/util/function/Supplier;Ljava/util/function/Supplier;)V" line="298"><counter type="INSTRUCTION" missed="0" covered="17"/><counter type="BRANCH" missed="0" covered="2"/><counter type="LINE" missed="0" covered="4"/><counter type="COMPLEXITY" missed="0" covered="2"/><counter type="METHOD" missed="0" covered="1"/></method><method name="isTrue" desc="(ZLjava/util/function/Supplier;Ljava/util/function/Supplier;)V" line="307"><counter type="INSTRUCTION" missed="0" covered="7"/><counter type="BRANCH" missed="0" covered="2"/><counter type="LINE" missed="0" covered="3"/><counter type="COMPLEXITY" missed="0" covered="2"/><counter type="METHOD" missed="0" covered="1"/></method><method name="isTrue" desc="(ZLjava/util/function/Supplier;)V" line="313"><counter type="INSTRUCTION" missed="0" covered="9"/><counter type="BRANCH" missed="0" covered="2"/><counter type="LINE" missed="0" covered="3"/><counter type="COMPLEXITY" missed="0" covered="2"/><counter type="METHOD" missed="0" covered="1"/></method><method name="isTrue" desc="(Z)V" line="319"><counter type="INSTRUCTION" missed="0" covered="7"/><counter type="BRANCH" missed="0" covered="2"/><counter type="LINE" missed="0" covered="3"/><counter type="COMPLEXITY" missed="0" covered="2"/><counter type="METHOD" missed="0" covered="1"/></method><method name="isTrue" desc="(Ljava/lang/Boolean;Ljava/util/function/Supplier;Ljava/util/function/Supplier;)V" line="326"><counter type="INSTRUCTION" missed="0" covered="8"/><counter type="BRANCH" missed="0" covered="2"/><counter type="LINE" missed="0" covered="3"/><counter type="COMPLEXITY" missed="0" covered="2"/><counter type="METHOD" missed="0" covered="1"/></method><method name="isTrue" desc="(Ljava/lang/Boolean;Ljava/util/function/Supplier;)V" line="332"><counter type="INSTRUCTION" missed="10" covered="0"/><counter type="BRANCH" missed="2" covered="0"/><counter type="LINE" missed="3" covered="0"/><counter type="COMPLEXITY" missed="2" covered="0"/><counter type="METHOD" missed="1" covered="0"/></method><method name="isTrue" desc="(Ljava/lang/Boolean;)V" line="338"><counter type="INSTRUCTION" missed="0" covered="8"/><counter type="BRANCH" missed="0" covered="2"/><counter type="LINE" missed="0" covered="3"/><counter type="COMPLEXITY" missed="0" covered="2"/><counter type="METHOD" missed="0" covered="1"/></method><method name="isFalse" desc="(ZLjava/util/function/Supplier;Ljava/util/function/Supplier;)V" line="345"><counter type="INSTRUCTION" missed="0" covered="7"/><counter type="BRANCH" missed="0" covered="2"/><counter type="LINE" missed="0" covered="3"/><counter type="COMPLEXITY" missed="0" covered="2"/><counter type="METHOD" missed="0" covered="1"/></method><method name="isFalse" desc="(ZLjava/util/function/Supplier;)V" line="351"><counter type="INSTRUCTION" missed="0" covered="9"/><counter type="BRANCH" missed="0" covered="2"/><counter type="LINE" missed="0" covered="3"/><counter type="COMPLEXITY" missed="0" covered="2"/><counter type="METHOD" missed="0" covered="1"/></method><method name="isFalse" desc="(Z)V" line="357"><counter type="INSTRUCTION" missed="0" covered="7"/><counter type="BRANCH" missed="0" covered="2"/><counter type="LINE" missed="0" covered="3"/><counter type="COMPLEXITY" missed="0" covered="2"/><counter type="METHOD" missed="0" covered="1"/></method><method name="isFalse" desc="(Ljava/lang/Boolean;Ljava/util/function/Supplier;Ljava/util/function/Supplier;)V" line="364"><counter type="INSTRUCTION" missed="0" covered="8"/><counter type="BRANCH" missed="0" covered="2"/><counter type="LINE" missed="0" covered="3"/><counter type="COMPLEXITY" missed="0" covered="2"/><counter type="METHOD" missed="0" covered="1"/></method><method name="isFalse" desc="(Ljava/lang/Boolean;Ljava/util/function/Supplier;)V" line="370"><counter type="INSTRUCTION" missed="10" covered="0"/><counter type="BRANCH" missed="2" covered="0"/><counter type="LINE" missed="3" covered="0"/><counter type="COMPLEXITY" missed="2" covered="0"/><counter type="METHOD" missed="1" covered="0"/></method><method name="isFalse" desc="(Ljava/lang/Boolean;)V" line="376"><counter type="INSTRUCTION" missed="0" covered="8"/><counter type="BRANCH" missed="0" covered="2"/><counter type="LINE" missed="0" covered="3"/><counter type="COMPLEXITY" missed="0" covered="2"/><counter type="METHOD" missed="0" covered="1"/></method><method name="notNull" desc="(Ljava/lang/Object;Ljava/util/function/Supplier;Ljava/util/function/Supplier;)V" line="383"><counter type="INSTRUCTION" missed="6" covered="11"/><counter type="BRANCH" missed="1" covered="3"/><counter type="LINE" missed="1" covered="4"/><counter type="COMPLEXITY" missed="1" covered="2"/><counter type="METHOD" missed="0" covered="1"/></method><method name="notNull" desc="(Ljava/lang/Object;Ljava/util/function/Supplier;)V" line="391"><counter type="INSTRUCTION" missed="5" covered="13"/><counter type="BRANCH" missed="1" covered="3"/><counter type="LINE" missed="1" covered="4"/><counter type="COMPLEXITY" missed="1" covered="2"/><counter type="METHOD" missed="0" covered="1"/></method><method name="notNull" desc="(Ljava/lang/Object;)V" line="399"><counter type="INSTRUCTION" missed="4" covered="11"/><counter type="BRANCH" missed="1" covered="3"/><counter type="LINE" missed="1" covered="4"/><counter type="COMPLEXITY" missed="1" covered="2"/><counter type="METHOD" missed="0" covered="1"/></method><method name="isNull" desc="(Ljava/lang/Object;Ljava/util/function/Supplier;Ljava/util/function/Supplier;)V" line="408"><counter type="INSTRUCTION" missed="10" covered="7"/><counter type="BRANCH" missed="2" covered="2"/><counter type="LINE" missed="2" covered="3"/><counter type="COMPLEXITY" missed="2" covered="1"/><counter type="METHOD" missed="0" covered="1"/></method><method name="isNull" desc="(Ljava/lang/Object;Ljava/util/function/Supplier;)V" line="416"><counter type="INSTRUCTION" missed="11" covered="7"/><counter type="BRANCH" missed="2" covered="2"/><counter type="LINE" missed="2" covered="3"/><counter type="COMPLEXITY" missed="2" covered="1"/><counter type="METHOD" missed="0" covered="1"/></method><method name="isNull" desc="(Ljava/lang/Object;)V" line="424"><counter type="INSTRUCTION" missed="8" covered="7"/><counter type="BRANCH" missed="2" covered="2"/><counter type="LINE" missed="2" covered="3"/><counter type="COMPLEXITY" missed="2" covered="1"/><counter type="METHOD" missed="0" covered="1"/></method><method name="&lt;clinit&gt;" desc="()V" line="25"><counter type="INSTRUCTION" missed="0" covered="4"/><counter type="LINE" missed="0" covered="1"/><counter type="COMPLEXITY" missed="0" covered="1"/><counter type="METHOD" missed="0" covered="1"/></method><counter type="INSTRUCTION" missed="111" covered="555"/><counter type="BRANCH" missed="29" covered="117"/><counter type="LINE" missed="27" covered="173"/><counter type="COMPLEXITY" missed="27" covered="105"/><counter type="METHOD" missed="3" covered="56"/><counter type="CLASS" missed="0" covered="1"/></class><class name="tech/pardus/utilities/CheckedConsumer" sourcefilename="CheckedConsumer.java"/><class name="tech/pardus/utilities/CheckedException" sourcefilename="CheckedException.java"><method name="&lt;init&gt;" desc="(Ljava/lang/Throwable;)V" line="18"><counter type="INSTRUCTION" missed="4" covered="0"/><counter type="LINE" missed="2" covered="0"/><counter type="COMPLEXITY" missed="1" covered="0"/><counter type="METHOD" missed="1" covered="0"/></method><counter type="INSTRUCTION" missed="4" covered="0"/><counter type="LINE" missed="2" covered="0"/><counter type="COMPLEXITY" missed="1" covered="0"/><counter type="METHOD" missed="1" covered="0"/><counter type="CLASS" missed="1" covered="0"/></class><class name="tech/pardus/utilities/LambdaWrapper" sourcefilename="LambdaWrapper.java"><method name="functionChecker" desc="(Ltech/pardus/utilities/CheckedFunction;)Ljava/util/function/Function;" line="19"><counter type="INSTRUCTION" missed="3" covered="0"/><counter type="LINE" missed="1" covered="0"/><counter type="COMPLEXITY" missed="1" covered="0"/><counter type="METHOD" missed="1" covered="0"/></method><method name="consumerChecker" desc="(Ltech/pardus/utilities/CheckedConsumer;)Ljava/util/function/Consumer;" line="29"><counter type="INSTRUCTION" missed="3" covered="0"/><counter type="LINE" missed="1" covered="0"/><counter type="COMPLEXITY" missed="1" covered="0"/><counter type="METHOD" missed="1" covered="0"/></method><method name="lambda$consumerChecker$1" desc="(Ltech/pardus/utilities/CheckedConsumer;Ljava/lang/Object;)V" line="31"><counter type="INSTRUCTION" missed="11" covered="0"/><counter type="LINE" missed="5" covered="0"/><counter type="COMPLEXITY" missed="1" covered="0"/><counter type="METHOD" missed="1" covered="0"/></method><method name="lambda$functionChecker$0" desc="(Ltech/pardus/utilities/CheckedFunction;Ljava/lang/Object;)Ljava/lang/Object;" line="21"><counter type="INSTRUCTION" missed="10" covered="0"/><counter type="LINE" missed="3" covered="0"/><counter type="COMPLEXITY" missed="1" covered="0"/><counter type="METHOD" missed="1" covered="0"/></method><counter type="INSTRUCTION" missed="27" covered="0"/><counter type="LINE" missed="10" covered="0"/><counter type="COMPLEXITY" missed="4" covered="0"/><counter type="METHOD" missed="4" covered="0"/><counter type="CLASS" missed="1" covered="0"/></class><class name="tech/pardus/utilities/AssertException" sourcefilename="AssertException.java"><method name="&lt;init&gt;" desc="()V" line="20"><counter type="INSTRUCTION" missed="0" covered="3"/><counter type="LINE" missed="0" covered="2"/><counter type="COMPLEXITY" missed="0" covered="1"/><counter type="METHOD" missed="0" covered="1"/></method><method name="&lt;init&gt;" desc="(Ljava/lang/String;)V" line="27"><counter type="INSTRUCTION" missed="0" covered="4"/><counter type="LINE" missed="0" covered="2"/><counter type="COMPLEXITY" missed="0" covered="1"/><counter type="METHOD" missed="0" covered="1"/></method><counter type="INSTRUCTION" missed="0" covered="7"/><counter type="LINE" missed="0" covered="4"/><counter type="COMPLEXITY" missed="0" covered="2"/><counter type="METHOD" missed="0" covered="2"/><counter type="CLASS" missed="0" covered="1"/></class><class name="tech/pardus/utilities/CheckedFunction" sourcefilename="CheckedFunction.java"/><class name="tech/pardus/utilities/ReflectionUtils" sourcefilename="ReflectionUtils.java"><method name="getMainClass" desc="()Ljava/lang/Class;" line="33"><counter type="INSTRUCTION" missed="0" covered="21"/><counter type="BRANCH" missed="1" covered="3"/><counter type="LINE" missed="0" covered="6"/><counter type="COMPLEXITY" missed="1" covered="2"/><counter type="METHOD" missed="0" covered="1"/></method><method name="initClass" desc="(Ljava/lang/Class;)Ljava/lang/Object;" line="44"><counter type="INSTRUCTION" missed="8" covered="0"/><counter type="LINE" missed="1" covered="0"/><counter type="COMPLEXITY" missed="1" covered="0"/><counter type="METHOD" missed="1" covered="0"/></method><method name="isMethodStatic" desc="(Ljava/lang/reflect/Method;)Z" line="48"><counter type="INSTRUCTION" missed="4" covered="0"/><counter type="LINE" missed="1" covered="0"/><counter type="COMPLEXITY" missed="1" covered="0"/><counter type="METHOD" missed="1" covered="0"/></method><method name="runMethod" desc="(Ljava/lang/Object;Ljava/lang/String;[Ljava/lang/Object;)Ljava/lang/Object;" line="53"><counter type="INSTRUCTION" missed="24" covered="0"/><counter type="BRANCH" missed="2" covered="0"/><counter type="LINE" missed="6" covered="0"/><counter type="COMPLEXITY" missed="2" covered="0"/><counter type="METHOD" missed="1" covered="0"/></method><method name="getMethod" desc="(Ljava/lang/Class;Ljava/lang/String;)Ljava/lang/reflect/Method;" line="64"><counter type="INSTRUCTION" missed="6" covered="0"/><counter type="LINE" missed="1" covered="0"/><counter type="COMPLEXITY" missed="1" covered="0"/><counter type="METHOD" missed="1" covered="0"/></method><method name="findPackageNames" desc="()Ljava/util/Set;" line="69"><counter type="INSTRUCTION" missed="10" covered="0"/><counter type="LINE" missed="5" covered="0"/><counter type="COMPLEXITY" missed="1" covered="0"/><counter type="METHOD" missed="1" covered="0"/></method><method name="findPackageNamesStartingWith" desc="(Ljava/lang/String;)Ljava/util/Set;" line="79"><counter type="INSTRUCTION" missed="11" covered="0"/><counter type="LINE" missed="5" covered="0"/><counter type="COMPLEXITY" missed="1" covered="0"/><counter type="METHOD" missed="1" covered="0"/></method><method name="runJavaMethod" desc="(Ljava/lang/Object;Ljava/lang/String;[Ljava/lang/Object;)Ljava/lang/Object;" line="89"><counter type="INSTRUCTION" missed="14" covered="0"/><counter type="LINE" missed="4" covered="0"/><counter type="COMPLEXITY" missed="1" covered="0"/><counter type="METHOD" missed="1" covered="0"/></method><method name="runStaticMethod" desc="(Ljava/lang/Class;Ljava/lang/String;[Ljava/lang/Object;)Ljava/lang/Object;" line="97"><counter type="INSTRUCTION" missed="9" covered="0"/><counter type="LINE" missed="2" covered="0"/><counter type="COMPLEXITY" missed="1" covered="0"/><counter type="METHOD" missed="1" covered="0"/></method><method name="evaluateThreadElements" desc="(Ljava/util/Map$Entry;)V" line="102"><counter type="INSTRUCTION" missed="19" covered="47"/><counter type="BRANCH" missed="5" covered="7"/><counter type="LINE" missed="3" covered="10"/><counter type="COMPLEXITY" missed="3" covered="4"/><counter type="METHOD" missed="0" covered="1"/></method><method name="isNotReserved" desc="(Ljava/lang/String;)Z" line="125"><counter type="INSTRUCTION" missed="0" covered="15"/><counter type="LINE" missed="0" covered="3"/><counter type="COMPLEXITY" missed="0" covered="1"/><counter type="METHOD" missed="0" covered="1"/></method><method name="lambda$isNotReserved$3" desc="(Ljava/lang/String;)Ljava/lang/Boolean;" line="126"><counter type="INSTRUCTION" missed="0" covered="2"/><counter type="LINE" missed="0" covered="1"/><counter type="COMPLEXITY" missed="0" covered="1"/><counter type="METHOD" missed="0" covered="1"/></method><method name="lambda$isNotReserved$2" desc="(Ljava/lang/String;Ljava/lang/String;)Z" line="125"><counter type="INSTRUCTION" missed="0" covered="4"/><counter type="LINE" missed="0" covered="1"/><counter type="COMPLEXITY" missed="0" covered="1"/><counter type="METHOD" missed="0" covered="1"/></method><method name="lambda$findPackageNamesStartingWith$1" desc="(Ljava/lang/String;Ljava/lang/String;)Z" line="82"><counter type="INSTRUCTION" missed="4" covered="0"/><counter type="LINE" missed="1" covered="0"/><counter type="COMPLEXITY" missed="1" covered="0"/><counter type="METHOD" missed="1" covered="0"/></method><method name="lambda$findPackageNames$0" desc="(Ljava/lang/String;)Z" line="72"><counter type="INSTRUCTION" missed="3" covered="0"/><counter type="LINE" missed="1" covered="0"/><counter type="COMPLEXITY" missed="1" covered="0"/><counter type="METHOD" missed="1" covered="0"/></method><method name="&lt;clinit&gt;" desc="()V" line="27"><counter type="INSTRUCTION" missed="0" covered="55"/><counter type="LINE" missed="0" covered="2"/><counter type="COMPLEXITY" missed="0" covered="1"/><counter type="METHOD" missed="0" covered="1"/></method><counter type="INSTRUCTION" missed="112" covered="144"/><counter type="BRANCH" missed="8" covered="10"/><counter type="LINE" missed="28" covered="21"/><counter type="COMPLEXITY" missed="15" covered="10"/><counter type="METHOD" missed="10" covered="6"/><counter type="CLASS" missed="0" covered="1"/></class><sourcefile name="AssertException.java"><line nr="20" mi="0" ci="2" mb="0" cb="0"/><line nr="21" mi="0" ci="1" mb="0" cb="0"/><line nr="27" mi="0" ci="3" mb="0" cb="0"/><line nr="28" mi="0" ci="1" mb="0" cb="0"/><counter type="INSTRUCTION" missed="0" covered="7"/><counter type="LINE" missed="0" covered="4"/><counter type="COMPLEXITY" missed="0" covered="2"/><counter type="METHOD" missed="0" covered="2"/><counter type="CLASS" missed="0" covered="1"/></sourcefile><sourcefile name="LambdaWrapper.java"><line nr="19" mi="3" ci="0" mb="0" cb="0"/><line nr="21" mi="4" ci="0" mb="0" cb="0"/><line nr="22" mi="1" ci="0" mb="0" cb="0"/><line nr="23" mi="5" ci="0" mb="0" cb="0"/><line nr="29" mi="3" ci="0" mb="0" cb="0"/><line nr="31" mi="3" ci="0" mb="0" cb="0"/><line nr="32" mi="1" ci="0" mb="0" cb="0"/><line nr="33" mi="5" ci="0" mb="0" cb="0"/><line nr="34" mi="1" ci="0" mb="0" cb="0"/><line nr="35" mi="1" ci="0" mb="0" cb="0"/><counter type="INSTRUCTION" missed="27" covered="0"/><counter type="LINE" missed="10" covered="0"/><counter type="COMPLEXITY" missed="4" covered="0"/><counter type="METHOD" missed="4" covered="0"/><counter type="CLASS" missed="1" covered="0"/></sourcefile><sourcefile name="CheckedFunction.java"/><sourcefile name="ReflectionUtils.java"><line nr="27" mi="0" ci="3" mb="0" cb="0"/><line nr="33" mi="0" ci="3" mb="1" cb="1"/><line nr="34" mi="0" ci="2" mb="0" cb="0"/><line nr="35" mi="0" ci="11" mb="0" cb="2"/><line nr="36" mi="0" ci="2" mb="0" cb="0"/><line nr="37" mi="0" ci="1" mb="0" cb="0"/><line nr="39" mi="0" ci="2" mb="0" cb="0"/><line nr="44" mi="8" ci="0" mb="0" cb="0"/><line nr="48" mi="4" ci="0" mb="0" cb="0"/><line nr="53" mi="2" ci="0" mb="0" cb="0"/><line nr="54" mi="5" ci="0" mb="0" cb="0"/><line nr="55" mi="3" ci="0" mb="2" cb="0"/><line nr="56" mi="7" ci="0" mb="0" cb="0"/><line nr="58" mi="5" ci="0" mb="0" cb="0"/><line nr="60" mi="2" ci="0" mb="0" cb="0"/><line nr="64" mi="6" ci="0" mb="0" cb="0"/><line nr="69" mi="1" ci="0" mb="0" cb="0"/><line nr="70" mi="3" ci="0" mb="0" cb="0"/><line nr="71" mi="2" ci="0" mb="0" cb="0"/><line nr="72" mi="4" ci="0" mb="0" cb="0"/><line nr="73" mi="3" ci="0" mb="0" cb="0"/><line nr="79" mi="1" ci="0" mb="0" cb="0"/><line nr="80" mi="3" ci="0" mb="0" cb="0"/><line nr="81" mi="3" ci="0" mb="0" cb="0"/><line nr="82" mi="5" ci="0" mb="0" cb="0"/><line nr="83" mi="3" ci="0" mb="0" cb="0"/><line nr="89" mi="2" ci="0" mb="0" cb="0"/><line nr="90" mi="5" ci="0" mb="0" cb="0"/><line nr="91" mi="5" ci="0" mb="0" cb="0"/><line nr="92" mi="2" ci="0" mb="0" cb="0"/><line nr="97" mi="4" ci="0" mb="0" cb="0"/><line nr="98" mi="5" ci="0" mb="0" cb="0"/><line nr="102" mi="0" ci="18" mb="0" cb="2"/><line nr="104" mi="0" ci="3" mb="0" cb="0"/><line nr="105" mi="0" ci="7" mb="1" cb="3"/><line nr="106" mi="0" ci="7" mb="0" cb="0"/><line nr="108" mi="0" ci="3" mb="0" cb="2"/><line nr="109" mi="0" ci="3" mb="0" cb="0"/><line nr="110" mi="10" ci="0" mb="0" cb="0"/><line nr="111" mi="7" ci="0" mb="4" cb="0"/><line nr="112" mi="2" ci="0" mb="0" cb="0"/><line nr="115" mi="0" ci="1" mb="0" cb="0"/><line nr="116" mi="0" ci="3" mb="0" cb="0"/><line nr="117" mi="0" ci="1" mb="0" cb="0"/><line nr="119" mi="0" ci="1" mb="0" cb="0"/><line nr="121" mi="0" ci="52" mb="0" cb="0"/><line nr="125" mi="0" ci="11" mb="0" cb="0"/><line nr="126" mi="0" ci="7" mb="0" cb="0"/><line nr="127" mi="0" ci="3" mb="0" cb="0"/><counter type="INSTRUCTION" missed="112" covered="144"/><counter type="BRANCH" missed="8" covered="10"/><counter type="LINE" missed="28" covered="21"/><counter type="COMPLEXITY" missed="15" covered="10"/><counter type="METHOD" missed="10" covered="6"/><counter type="CLASS" missed="0" covered="1"/></sourcefile><sourcefile name="PAsserts.java"><line nr="25" mi="0" ci="4" mb="0" cb="0"/><line nr="32" mi="0" ci="3" mb="0" cb="2"/><line nr="33" mi="0" ci="4" mb="0" cb="0"/><line nr="35" mi="0" ci="1" mb="0" cb="0"/><line nr="38" mi="0" ci="3" mb="0" cb="2"/><line nr="39" mi="0" ci="6" mb="0" cb="0"/><line nr="41" mi="0" ci="1" mb="0" cb="0"/><line nr="44" mi="0" ci="3" mb="0" cb="2"/><line nr="45" mi="0" ci="4" mb="0" cb="0"/><line nr="47" mi="0" ci="1" mb="0" cb="0"/><line nr="51" mi="0" ci="3" mb="0" cb="2"/><line nr="52" mi="0" ci="4" mb="0" cb="0"/><line nr="54" mi="0" ci="1" mb="0" cb="0"/><line nr="57" mi="0" ci="3" mb="0" cb="2"/><line nr="58" mi="0" ci="6" mb="0" cb="0"/><line nr="60" mi="0" ci="1" mb="0" cb="0"/><line nr="63" mi="0" ci="3" mb="0" cb="2"/><line nr="64" mi="0" ci="4" mb="0" cb="0"/><line nr="66" mi="0" ci="1" mb="0" cb="0"/><line nr="69" mi="0" ci="3" mb="0" cb="2"/><line nr="70" mi="0" ci="4" mb="0" cb="0"/><line nr="72" mi="0" ci="1" mb="0" cb="0"/><line nr="76" mi="0" ci="3" mb="0" cb="2"/><line nr="77" mi="0" ci="4" mb="0" cb="0"/><line nr="79" mi="0" ci="1" mb="0" cb="0"/><line nr="82" mi="0" ci="3" mb="0" cb="2"/><line nr="83" mi="0" ci="6" mb="0" cb="0"/><line nr="85" mi="0" ci="1" mb="0" cb="0"/><line nr="89" mi="0" ci="3" mb="0" cb="2"/><line nr="90" mi="0" ci="4" mb="0" cb="0"/><line nr="92" mi="0" ci="1" mb="0" cb="0"/><line nr="95" mi="0" ci="3" mb="0" cb="2"/><line nr="96" mi="0" ci="6" mb="0" cb="0"/><line nr="98" mi="0" ci="1" mb="0" cb="0"/><line nr="101" mi="0" ci="3" mb="0" cb="2"/><line nr="102" mi="0" ci="4" mb="0" cb="0"/><line nr="104" mi="0" ci="1" mb="0" cb="0"/><line nr="108" mi="0" ci="3" mb="0" cb="2"/><line nr="109" mi="0" ci="4" mb="0" cb="0"/><line nr="111" mi="0" ci="1" mb="0" cb="0"/><line nr="114" mi="0" ci="3" mb="0" cb="2"/><line nr="115" mi="0" ci="6" mb="0" cb="0"/><line nr="117" mi="0" ci="1" mb="0" cb="0"/><line nr="120" mi="0" ci="3" mb="0" cb="2"/><line nr="121" mi="0" ci="4" mb="0" cb="0"/><line nr="123" mi="0" ci="1" mb="0" cb="0"/><line nr="126" mi="1" ci="7" mb="1" cb="1"/><line nr="131" mi="1" ci="7" mb="1" cb="1"/><line nr="132" mi="0" ci="2" mb="0" cb="0"/><line nr="133" mi="0" ci="2" mb="0" cb="0"/><line nr="138" mi="0" ci="2" mb="0" cb="0"/><line nr="140" mi="0" ci="15" mb="0" cb="0"/><line nr="141" mi="0" ci="4" mb="0" cb="0"/><line nr="142" mi="1" ci="0" mb="0" cb="0"/><line nr="144" mi="4" ci="0" mb="0" cb="0"/><line nr="146" mi="4" ci="0" mb="0" cb="0"/><line nr="150" mi="0" ci="3" mb="1" cb="1"/><line nr="151" mi="5" ci="0" mb="0" cb="0"/><line nr="153" mi="0" ci="1" mb="0" cb="0"/><line nr="157" mi="0" ci="4" mb="0" cb="2"/><line nr="158" mi="0" ci="4" mb="0" cb="0"/><line nr="160" mi="0" ci="1" mb="0" cb="0"/><line nr="163" mi="0" ci="4" mb="0" cb="2"/><line nr="164" mi="0" ci="6" mb="0" cb="0"/><line nr="166" mi="0" ci="1" mb="0" cb="0"/><line nr="169" mi="0" ci="4" mb="0" cb="2"/><line nr="170" mi="0" ci="4" mb="0" cb="0"/><line nr="172" mi="0" ci="1" mb="0" cb="0"/><line nr="176" mi="0" ci="6" mb="1" cb="3"/><line nr="177" mi="0" ci="4" mb="0" cb="0"/><line nr="179" mi="0" ci="1" mb="0" cb="0"/><line nr="182" mi="0" ci="6" mb="1" cb="3"/><line nr="183" mi="0" ci="6" mb="0" cb="0"/><line nr="185" mi="0" ci="1" mb="0" cb="0"/><line nr="188" mi="0" ci="6" mb="1" cb="3"/><line nr="189" mi="0" ci="4" mb="0" cb="0"/><line nr="191" mi="0" ci="1" mb="0" cb="0"/><line nr="194" mi="0" ci="2" mb="0" cb="0"/><line nr="195" mi="0" ci="16" mb="0" cb="2"/><line nr="196" mi="0" ci="4" mb="0" cb="2"/><line nr="197" mi="0" ci="2" mb="0" cb="0"/><line nr="200" mi="0" ci="2" mb="0" cb="0"/><line nr="205" mi="0" ci="6" mb="1" cb="3"/><line nr="206" mi="0" ci="4" mb="0" cb="0"/><line nr="208" mi="0" ci="1" mb="0" cb="0"/><line nr="211" mi="0" ci="6" mb="1" cb="3"/><line nr="212" mi="0" ci="6" mb="0" cb="0"/><line nr="214" mi="0" ci="1" mb="0" cb="0"/><line nr="217" mi="0" ci="6" mb="1" cb="3"/><line nr="218" mi="0" ci="4" mb="0" cb="0"/><line nr="220" mi="0" ci="1" mb="0" cb="0"/><line nr="223" mi="0" ci="2" mb="0" cb="0"/><line nr="224" mi="0" ci="9" mb="0" cb="2"/><line nr="225" mi="0" ci="4" mb="0" cb="2"/><line nr="226" mi="0" ci="2" mb="0" cb="0"/><line nr="228" mi="0" ci="1" mb="0" cb="0"/><line nr="229" mi="0" ci="2" mb="0" cb="0"/><line nr="233" mi="3" ci="0" mb="2" cb="0"/><line nr="234" mi="6" ci="0" mb="0" cb="0"/><line nr="235" mi="3" ci="0" mb="2" cb="0"/><line nr="236" mi="6" ci="0" mb="0" cb="0"/><line nr="237" mi="3" ci="0" mb="2" cb="0"/><line nr="238" mi="5" ci="0" mb="0" cb="0"/><line nr="240" mi="1" ci="0" mb="0" cb="0"/><line nr="244" mi="0" ci="4" mb="0" cb="2"/><line nr="245" mi="0" ci="4" mb="0" cb="0"/><line nr="247" mi="0" ci="1" mb="0" cb="0"/><line nr="250" mi="0" ci="4" mb="0" cb="2"/><line nr="251" mi="0" ci="6" mb="0" cb="0"/><line nr="253" mi="0" ci="1" mb="0" cb="0"/><line nr="256" mi="0" ci="4" mb="0" cb="2"/><line nr="257" mi="0" ci="4" mb="0" cb="0"/><line nr="259" mi="0" ci="1" mb="0" cb="0"/><line nr="263" mi="0" ci="4" mb="1" cb="1"/><line nr="264" mi="4" ci="0" mb="0" cb="0"/><line nr="266" mi="0" ci="1" mb="0" cb="0"/><line nr="269" mi="0" ci="4" mb="0" cb="2"/><line nr="270" mi="0" ci="6" mb="0" cb="0"/><line nr="272" mi="0" ci="1" mb="0" cb="0"/><line nr="275" mi="0" ci="4" mb="0" cb="2"/><line nr="276" mi="0" ci="4" mb="0" cb="0"/><line nr="278" mi="0" ci="1" mb="0" cb="0"/><line nr="281" mi="0" ci="3" mb="0" cb="2"/><line nr="282" mi="0" ci="6" mb="0" cb="0"/><line nr="284" mi="0" ci="3" mb="0" cb="0"/><line nr="286" mi="0" ci="1" mb="0" cb="0"/><line nr="289" mi="0" ci="3" mb="0" cb="2"/><line nr="290" mi="0" ci="7" mb="0" cb="0"/><line nr="292" mi="0" ci="4" mb="0" cb="0"/><line nr="294" mi="0" ci="1" mb="0" cb="0"/><line nr="298" mi="0" ci="3" mb="0" cb="2"/><line nr="299" mi="0" ci="8" mb="0" cb="0"/><line nr="301" mi="0" ci="5" mb="0" cb="0"/><line nr="303" mi="0" ci="1" mb="0" cb="0"/><line nr="307" mi="0" ci="2" mb="0" cb="2"/><line nr="308" mi="0" ci="4" mb="0" cb="0"/><line nr="310" mi="0" ci="1" mb="0" cb="0"/><line nr="313" mi="0" ci="2" mb="0" cb="2"/><line nr="314" mi="0" ci="6" mb="0" cb="0"/><line nr="316" mi="0" ci="1" mb="0" cb="0"/><line nr="319" mi="0" ci="2" mb="0" cb="2"/><line nr="320" mi="0" ci="4" mb="0" cb="0"/><line nr="322" mi="0" ci="1" mb="0" cb="0"/><line nr="326" mi="0" ci="3" mb="0" cb="2"/><line nr="327" mi="0" ci="4" mb="0" cb="0"/><line nr="329" mi="0" ci="1" mb="0" cb="0"/><line nr="332" mi="3" ci="0" mb="2" cb="0"/><line nr="333" mi="6" ci="0" mb="0" cb="0"/><line nr="335" mi="1" ci="0" mb="0" cb="0"/><line nr="338" mi="0" ci="3" mb="0" cb="2"/><line nr="339" mi="0" ci="4" mb="0" cb="0"/><line nr="341" mi="0" ci="1" mb="0" cb="0"/><line nr="345" mi="0" ci="2" mb="0" cb="2"/><line nr="346" mi="0" ci="4" mb="0" cb="0"/><line nr="348" mi="0" ci="1" mb="0" cb="0"/><line nr="351" mi="0" ci="2" mb="0" cb="2"/><line nr="352" mi="0" ci="6" mb="0" cb="0"/><line nr="354" mi="0" ci="1" mb="0" cb="0"/><line nr="357" mi="0" ci="2" mb="0" cb="2"/><line nr="358" mi="0" ci="4" mb="0" cb="0"/><line nr="360" mi="0" ci="1" mb="0" cb="0"/><line nr="364" mi="0" ci="3" mb="0" cb="2"/><line nr="365" mi="0" ci="4" mb="0" cb="0"/><line nr="367" mi="0" ci="1" mb="0" cb="0"/><line nr="370" mi="3" ci="0" mb="2" cb="0"/><line nr="371" mi="6" ci="0" mb="0" cb="0"/><line nr="373" mi="1" ci="0" mb="0" cb="0"/><line nr="376" mi="0" ci="3" mb="0" cb="2"/><line nr="377" mi="0" ci="4" mb="0" cb="0"/><line nr="379" mi="0" ci="1" mb="0" cb="0"/><line nr="383" mi="0" ci="3" mb="1" cb="1"/><line nr="384" mi="6" ci="0" mb="0" cb="0"/><line nr="385" mi="0" ci="3" mb="0" cb="2"/><line nr="386" mi="0" ci="4" mb="0" cb="0"/><line nr="388" mi="0" ci="1" mb="0" cb="0"/><line nr="391" mi="0" ci="3" mb="1" cb="1"/><line nr="392" mi="5" ci="0" mb="0" cb="0"/><line nr="393" mi="0" ci="3" mb="0" cb="2"/><line nr="394" mi="0" ci="6" mb="0" cb="0"/><line nr="396" mi="0" ci="1" mb="0" cb="0"/><line nr="399" mi="0" ci="3" mb="1" cb="1"/><line nr="400" mi="4" ci="0" mb="0" cb="0"/><line nr="401" mi="0" ci="3" mb="0" cb="2"/><line nr="402" mi="0" ci="4" mb="0" cb="0"/><line nr="404" mi="0" ci="1" mb="0" cb="0"/><line nr="408" mi="0" ci="3" mb="1" cb="1"/><line nr="409" mi="6" ci="0" mb="0" cb="0"/><line nr="410" mi="0" ci="3" mb="1" cb="1"/><line nr="411" mi="4" ci="0" mb="0" cb="0"/><line nr="413" mi="0" ci="1" mb="0" cb="0"/><line nr="416" mi="0" ci="3" mb="1" cb="1"/><line nr="417" mi="5" ci="0" mb="0" cb="0"/><line nr="418" mi="0" ci="3" mb="1" cb="1"/><line nr="419" mi="6" ci="0" mb="0" cb="0"/><line nr="421" mi="0" ci="1" mb="0" cb="0"/><line nr="424" mi="0" ci="3" mb="1" cb="1"/><line nr="425" mi="4" ci="0" mb="0" cb="0"/><line nr="426" mi="0" ci="3" mb="1" cb="1"/><line nr="427" mi="4" ci="0" mb="0" cb="0"/><line nr="429" mi="0" ci="1" mb="0" cb="0"/><counter type="INSTRUCTION" missed="111" covered="555"/><counter type="BRANCH" missed="29" covered="117"/><counter type="LINE" missed="27" covered="173"/><counter type="COMPLEXITY" missed="27" covered="105"/><counter type="METHOD" missed="3" covered="56"/><counter type="CLASS" missed="0" covered="1"/></sourcefile><sourcefile name="CheckedConsumer.java"/><sourcefile name="CheckedException.java"><line nr="18" mi="3" ci="0" mb="0" cb="0"/><line nr="19" mi="1" ci="0" mb="0" cb="0"/><counter type="INSTRUCTION" missed="4" covered="0"/><counter type="LINE" missed="2" covered="0"/><counter type="COMPLEXITY" missed="1" covered="0"/><counter type="METHOD" missed="1" covered="0"/><counter type="CLASS" missed="1" covered="0"/></sourcefile><counter type="INSTRUCTION" missed="254" covered="706"/><counter type="BRANCH" missed="37" covered="127"/><counter type="LINE" missed="67" covered="198"/><counter type="COMPLEXITY" missed="47" covered="117"/><counter type="METHOD" missed="18" covered="64"/><counter type="CLASS" missed="2" covered="3"/></package><counter type="INSTRUCTION" missed="254" covered="706"/><counter type="BRANCH" missed="37" covered="127"/><counter type="LINE" missed="67" covered="198"/><counter type="COMPLEXITY" missed="47" covered="117"/><counter type="METHOD" missed="18" covered="64"/><counter type="CLASS" missed="2" covered="3"/></report>