<?xml version="1.0" encoding="UTF-8"?>
<testsuite xmlns:xsi="http://www.w3.org/2001/XMLSchema-instance" xsi:noNamespaceSchemaLocation="https://maven.apache.org/surefire/maven-surefire-plugin/xsd/surefire-test-report-3.0.xsd" version="3.0" name="tech.pardus.utilities.test.PAssertsTest" time="0.139" tests="93" errors="0" skipped="0" failures="0">
  <properties>
[...]
</properties>
  <testcase name="test_true_1_success" classname="tech.pardus.utilities.test.PAssertsTest" time="0.004"/>
  <testcase name="test_notEmpty_7_success" classname="tech.pardus.utilities.test.PAssertsTest" time="0.011"/>
  <testcase name="test_equals_object_1_success" classname="tech.pardus.utilities.test.PAssertsTest" time="0.001"/>
  <testcase name="test_contains_2_success" classname="tech.pardus.utilities.test.PAssertsTest" time="0.001"/>
  <testcase name="test_false_2_success" classname="tech.pardus.utilities.test.PAssertsTest" time="0"/>
  <testcase name="test_equals_2_success" classname="tech.pardus.utilities.test.PAssertsTest" time="0"/>
  <testcase name="test_notEmpty_2_success" classname="tech.pardus.utilities.test.PAssertsTest" time="0.014"/>
  <testcase name="test_contains_9_success" classname="tech.pardus.utilities.test.PAssertsTest" time="0"/>
  <testcase name="test_true_3_success" classname="tech.pardus.utilities.test.PAssertsTest" time="0.001"/>
  <testcase name="test_notEmpty_9_success" classname="tech.pardus.utilities.test.PAssertsTest" time="0.001"/>
  <testcase name="test_is_null_2_success" classname="tech.pardus.utilities.test.PAssertsTest" time="0.001"/>
  <testcase name="test_equals_object_3_success" classname="tech.pardus.utilities.test.PAssertsTest" time="0.001"/>
  <testcase name="test_hasText_2_success" classname="tech.pardus.utilities.test.PAssertsTest" time="0"/>
  <testcase name="test_contains_1" classname="tech.pardus.utilities.test.PAssertsTest" time="0.002"/>
  <testcase name="test_contains_2" classname="tech.pardus.utilities.test.PAssertsTest" time="0.003"/>
  <testcase name="test_contains_3" classname="tech.pardus.utilities.test.PAssertsTest" time="0.002"/>
  <testcase name="test_contains_4" classname="tech.pardus.utilities.test.PAssertsTest" time="0.001"/>
  <testcase name="test_contains_5" classname="tech.pardus.utilities.test.PAssertsTest" time="0.001"/>
  <testcase name="test_contains_6" classname="tech.pardus.utilities.test.PAssertsTest" time="0.001"/>
  <testcase name="test_contains_7" classname="tech.pardus.utilities.test.PAssertsTest" time="0.001"/>
  <testcase name="test_contains_8" classname="tech.pardus.utilities.test.PAssertsTest" time="0.001"/>
  <testcase name="test_contains_9" classname="tech.pardus.utilities.test.PAssertsTest" time="0.002"/>
  <testcase name="test_contains_4_success" classname="tech.pardus.utilities.test.PAssertsTest" time="0"/>
  <testcase name="test_false_4_success" classname="tech.pardus.utilities.test.PAssertsTest" time="0.001"/>
  <testcase name="test_notEmpty_4_success" classname="tech.pardus.utilities.test.PAssertsTest" time="0.005"/>
  <testcase name="test_noText_1_success" classname="tech.pardus.utilities.test.PAssertsTest" time="0.001"/>
  <testcase name="test_true_5_success" classname="tech.pardus.utilities.test.PAssertsTest" time="0.001"/>
  <testcase name="test_equals_1" classname="tech.pardus.utilities.test.PAssertsTest" time="0.001"/>
  <testcase name="test_equals_2" classname="tech.pardus.utilities.test.PAssertsTest" time="0.001"/>
  <testcase name="test_equals_3" classname="tech.pardus.utilities.test.PAssertsTest" time="0.001"/>
  <testcase name="test_noText_2" classname="tech.pardus.utilities.test.PAssertsTest" time="0.001"/>
  <testcase name="test_noText_3" classname="tech.pardus.utilities.test.PAssertsTest" time="0.001"/>
  <testcase name="test_not_null_1_success" classname="tech.pardus.utilities.test.PAssertsTest" time="0.001"/>
  <testcase name="test_contains_6_success" classname="tech.pardus.utilities.test.PAssertsTest" time="0.001"/>
  <testcase name="test_false_6_success" classname="tech.pardus.utilities.test.PAssertsTest" time="0.001"/>
  <testcase name="test_notEmpty_6_success" classname="tech.pardus.utilities.test.PAssertsTest" time="0.001"/>
  <testcase name="test_true_1" classname="tech.pardus.utilities.test.PAssertsTest" time="0.001"/>
  <testcase name="test_true_2" classname="tech.pardus.utilities.test.PAssertsTest" time="0.001"/>
  <testcase name="test_true_3" classname="tech.pardus.utilities.test.PAssertsTest" time="0.001"/>
  <testcase name="test_true_4" classname="tech.pardus.utilities.test.PAssertsTest" time="0.002"/>
  <testcase name="test_true_5" classname="tech.pardus.utilities.test.PAssertsTest" time="0.001"/>
  <testcase name="test_true_6" classname="tech.pardus.utilities.test.PAssertsTest" time="0.001"/>
  <testcase name="test_hasText_1" classname="tech.pardus.utilities.test.PAssertsTest" time="0"/>
  <testcase name="test_hasText_2" classname="tech.pardus.utilities.test.PAssertsTest" time="0.001"/>
  <testcase name="test_hasText_3" classname="tech.pardus.utilities.test.PAssertsTest" time="0.001"/>
  <testcase name="test_noText_3_success" classname="tech.pardus.utilities.test.PAssertsTest" time="0.001"/>
  <testcase name="test_contains_1_success" classname="tech.pardus.utilities.test.PAssertsTest" time="0"/>
  <testcase name="test_false_1_success" classname="tech.pardus.utilities.test.PAssertsTest" time="0"/>
  <testcase name="test_equals_1_success" classname="tech.pardus.utilities.test.PAssertsTest" time="0.001"/>
  <testcase name="test_notEmpty_1_success" classname="tech.pardus.utilities.test.PAssertsTest" time="0.001"/>
  <testcase name="test_notEmpty_1" classname="tech.pardus.utilities.test.PAssertsTest" time="0.001"/>
  <testcase name="test_notEmpty_2" classname="tech.pardus.utilities.test.PAssertsTest" time="0.001"/>
  <testcase name="test_notEmpty_3" classname="tech.pardus.utilities.test.PAssertsTest" time="0"/>
  <testcase name="test_notEmpty_4" classname="tech.pardus.utilities.test.PAssertsTest" time="0"/>
  <testcase name="test_notEmpty_5" classname="tech.pardus.utilities.test.PAssertsTest" time="0"/>
  <testcase name="test_notEmpty_6" classname="tech.pardus.utilities.test.PAssertsTest" time="0.001"/>
  <testcase name="test_notEmpty_7" classname="tech.pardus.utilities.test.PAssertsTest" time="0.001"/>
  <testcase name="test_notEmpty_8" classname="tech.pardus.utilities.test.PAssertsTest" time="0.001"/>
  <testcase name="test_notEmpty_9" classname="tech.pardus.utilities.test.PAssertsTest" time="0.001"/>
  <testcase name="test_not_null_3_success" classname="tech.pardus.utilities.test.PAssertsTest" time="0"/>
  <testcase name="test_contains_8_success" classname="tech.pardus.utilities.test.PAssertsTest" time="0"/>
  <testcase name="test_true_2_success" classname="tech.pardus.utilities.test.PAssertsTest" time="0.001"/>
  <testcase name="test_notEmpty_8_success" classname="tech.pardus.utilities.test.PAssertsTest" time="0"/>
  <testcase name="test_is_null_1_success" classname="tech.pardus.utilities.test.PAssertsTest" time="0"/>
  <testcase name="test_equals_object_2_success" classname="tech.pardus.utilities.test.PAssertsTest" time="0"/>
  <testcase name="test_hasText_1_success" classname="tech.pardus.utilities.test.PAssertsTest" time="0"/>
  <testcase name="test_contains_3_success" classname="tech.pardus.utilities.test.PAssertsTest" time="0"/>
  <testcase name="test_false_3_success" classname="tech.pardus.utilities.test.PAssertsTest" time="0"/>
  <testcase name="test_equals_3_success" classname="tech.pardus.utilities.test.PAssertsTest" time="0.001"/>
  <testcase name="test_notEmpty_3_success" classname="tech.pardus.utilities.test.PAssertsTest" time="0.001"/>
  <testcase name="test_noText1" classname="tech.pardus.utilities.test.PAssertsTest" time="0"/>
  <testcase name="test_true_4_success" classname="tech.pardus.utilities.test.PAssertsTest" time="0"/>
  <testcase name="test_is_null_3_success" classname="tech.pardus.utilities.test.PAssertsTest" time="0"/>
  <testcase name="test_hasText_3_success" classname="tech.pardus.utilities.test.PAssertsTest" time="0"/>
  <testcase name="test_equals_object_1" classname="tech.pardus.utilities.test.PAssertsTest" time="0"/>
  <testcase name="test_equals_object_2" classname="tech.pardus.utilities.test.PAssertsTest" time="0.001"/>
  <testcase name="test_equals_object_3" classname="tech.pardus.utilities.test.PAssertsTest" time="0.001"/>
  <testcase name="test_contains_5_success" classname="tech.pardus.utilities.test.PAssertsTest" time="0"/>
  <testcase name="test_false_5_success" classname="tech.pardus.utilities.test.PAssertsTest" time="0"/>
  <testcase name="test_notEmpty_5_success" classname="tech.pardus.utilities.test.PAssertsTest" time="0.001"/>
  <testcase name="test_noText_2_success" classname="tech.pardus.utilities.test.PAssertsTest" time="0"/>
  <testcase name="test_true_6_success" classname="tech.pardus.utilities.test.PAssertsTest" time="0"/>
  <testcase name="test_not_null_1" classname="tech.pardus.utilities.test.PAssertsTest" time="0.001"/>
  <testcase name="test_not_null_2" classname="tech.pardus.utilities.test.PAssertsTest" time="0.001"/>
  <testcase name="test_not_null_3" classname="tech.pardus.utilities.test.PAssertsTest" time="0.001"/>
  <testcase name="test_false_1" classname="tech.pardus.utilities.test.PAssertsTest" time="0.001"/>
  <testcase name="test_false_2" classname="tech.pardus.utilities.test.PAssertsTest" time="0.001"/>
  <testcase name="test_false_3" classname="tech.pardus.utilities.test.PAssertsTest" time="0.001"/>
  <testcase name="test_false_4" classname="tech.pardus.utilities.test.PAssertsTest" time="0"/>
  <testcase name="test_false_5" classname="tech.pardus.utilities.test.PAssertsTest" time="0.001"/>
  <testcase name="test_false_6" classname="tech.pardus.utilities.test.PAssertsTest" time="0.001"/>
  <testcase name="test_not_null_2_success" classname="tech.pardus.utilities.test.PAssertsTest" time="0"/>
  <testcase name="test_contains_7_success" classname="tech.pardus.utilities.test.PAssertsTest" time="0"/>
</testsuite>